<?xml version="1.0" encoding="UTF-8"?>
<testng-results ignored="0" total="2" passed="2" failed="0" skipped="0">
  <reporter-output>
  </reporter-output>
  <suite started-at="2024-07-21T21:01:52 IST" name="Suite" finished-at="2024-07-21T21:02:08 IST" duration-ms="15758">
    <groups>
    </groups>
    <test started-at="2024-07-21T21:01:52 IST" name="Test" finished-at="2024-07-21T21:02:08 IST" duration-ms="15758">
      <class name="TestLayer.HomePageTest">
        <test-method signature="validateHomeFunctionality()[pri:0, instance:TestLayer.HomePageTest@18d87d80]" started-at="2024-07-21T21:02:08 IST" name="validateHomeFunctionality" finished-at="2024-07-21T21:02:08 IST" duration-ms="62" status="PASS">
          <reporter-output>
          </reporter-output>
        </test-method> <!-- validateHomeFunctionality -->
      </class> <!-- TestLayer.HomePageTest -->
      <class name="TestLayer.LoginPageTest">
        <test-method is-config="true" signature="setup()[pri:0, instance:TestLayer.LoginPageTest@1a18644]" started-at="2024-07-21T21:01:52 IST" name="setup" finished-at="2024-07-21T21:02:05 IST" duration-ms="12451" status="PASS">
          <reporter-output>
          </reporter-output>
        </test-method> <!-- setup -->
        <test-method signature="loginFunctionality()[pri:0, instance:TestLayer.LoginPageTest@1a18644]" started-at="2024-07-21T21:02:05 IST" name="loginFunctionality" finished-at="2024-07-21T21:02:08 IST" duration-ms="3161" status="PASS">
          <reporter-output>
          </reporter-output>
        </test-method> <!-- loginFunctionality -->
      </class> <!-- TestLayer.LoginPageTest -->
    </test> <!-- Test -->
  </suite> <!-- Suite -->
</testng-results>
