<?xml version="1.0" encoding="UTF-8"?>
<testng-results ignored="0" total="1" passed="1" failed="0" skipped="0">
  <reporter-output>
  </reporter-output>
  <suite started-at="2024-07-21T19:31:24 IST" name="Default suite" finished-at="2024-07-21T19:31:50 IST" duration-ms="26278">
    <groups>
    </groups>
    <test started-at="2024-07-21T19:31:24 IST" name="Default test" finished-at="2024-07-21T19:31:50 IST" duration-ms="26278">
      <class name="TestLayer.LoginPageTest">
        <test-method is-config="true" signature="setup()[pri:0, instance:TestLayer.LoginPageTest@2f217633]" started-at="2024-07-21T19:31:24 IST" name="setup" finished-at="2024-07-21T19:31:46 IST" duration-ms="22799" status="PASS">
          <reporter-output>
          </reporter-output>
        </test-method> <!-- setup -->
        <test-method signature="loginFunctionality()[pri:0, instance:TestLayer.LoginPageTest@2f217633]" started-at="2024-07-21T19:31:47 IST" name="loginFunctionality" finished-at="2024-07-21T19:31:50 IST" duration-ms="3410" status="PASS">
          <reporter-output>
          </reporter-output>
        </test-method> <!-- loginFunctionality -->
      </class> <!-- TestLayer.LoginPageTest -->
    </test> <!-- Default test -->
  </suite> <!-- Default suite -->
</testng-results>
